Added Component: Designator=P1(HDR1X2)
Add component. Clean all parameters for all variants
Add component (AddParameter): Name = "LatestRevisionDate"; Value = "17-Jul-2002"; VariantName = "[No Variations]"
Add component (AddParameter): Name = "LatestRevisionNote"; Value = "Re-released for DXP Platform."; VariantName = "[No Variations]"
Add component (AddParameter): Name = "Publisher"; Value = "Altium Limited"; VariantName = "[No Variations]"
Added Component: Designator=P2(HDR1X2)
Add component. Clean all parameters for all variants
Add component (AddParameter): Name = "LatestRevisionDate"; Value = "17-Jul-2002"; VariantName = "[No Variations]"
Add component (AddParameter): Name = "LatestRevisionNote"; Value = "Re-released for DXP Platform."; VariantName = "[No Variations]"
Add component (AddParameter): Name = "Publisher"; Value = "Altium Limited"; VariantName = "[No Variations]"
Added Component: Designator=P3(HDR1X2)
Add component. Clean all parameters for all variants
Add component (AddParameter): Name = "LatestRevisionDate"; Value = "17-Jul-2002"; VariantName = "[No Variations]"
Add component (AddParameter): Name = "LatestRevisionNote"; Value = "Re-released for DXP Platform."; VariantName = "[No Variations]"
Add component (AddParameter): Name = "Publisher"; Value = "Altium Limited"; VariantName = "[No Variations]"
Added Component: Designator=P4(HDR1X2)
Add component. Clean all parameters for all variants
Add component (AddParameter): Name = "LatestRevisionDate"; Value = "17-Jul-2002"; VariantName = "[No Variations]"
Add component (AddParameter): Name = "LatestRevisionNote"; Value = "Re-released for DXP Platform."; VariantName = "[No Variations]"
Add component (AddParameter): Name = "Publisher"; Value = "Altium Limited"; VariantName = "[No Variations]"
Added Component: Designator=VD1(ÒÄÔ-50ÐÀ)
Add component. Clean all parameters for all variants
Added Component: Designator=X1(POWER)
Add component. Clean all parameters for all variants
Added Component: Designator=X2(AMP_VOLTMETER)
Add component. Clean all parameters for all variants
Added Pin To Net: NetName=+5 Pin=P3-2
Added Pin To Net: NetName=+5 Pin=X1-1
Added Net: Name=+5
Added Pin To Net: NetName=-5 Pin=P4-2
Added Pin To Net: NetName=-5 Pin=X1-3
Added Net: Name=-5
Added Pin To Net: NetName=Anode Pin=P1-1
Added Pin To Net: NetName=Anode Pin=P4-1
Added Pin To Net: NetName=Anode Pin=VD1-1
Added Net: Name=Anode
Added Pin To Net: NetName=Cathode Pin=P2-1
Added Pin To Net: NetName=Cathode Pin=P3-1
Added Pin To Net: NetName=Cathode Pin=VD1-2
Added Pin To Net: NetName=Cathode Pin=X2-1
Added Pin To Net: NetName=Cathode Pin=X2-2
Added Pin To Net: NetName=Cathode Pin=X2-3
Added Net: Name=Cathode
Added Pin To Net: NetName=GND Pin=P1-2
Added Pin To Net: NetName=GND Pin=P2-2
Added Pin To Net: NetName=GND Pin=X1-4
Added Pin To Net: NetName=GND Pin=X1-5
Added Pin To Net: NetName=GND Pin=X1-6
Added Net: Name=GND
Added Class: Name=TFD-50RA
