Added Component: Designator=X5(MAX3738ETG+ MEZ)
Add component. Clean all parameters for all variants
Added Pin To Net: NetName=MODTCOMP Pin=X5-1
Added Pin To Net: NetName=VCC STAB Pin=X5-2
Added Pin To Net: NetName=PRBS2_P Pin=X5-3
Added Pin To Net: NetName=PRBS2_N Pin=X5-4
Added Pin To Net: NetName=VCC STAB Pin=X5-5
Added Pin To Net: NetName=TX_DISABLE Pin=X5-6
Added Pin To Net: NetName=PC_MON Pin=X5-7
Added Pin To Net: NetName=BC_MON Pin=X5-8
Added Pin To Net: NetName=SHUTDOWN Pin=X5-9
Added Pin To Net: NetName=GND Pin=X5-10
Added Pin To Net: NetName=LD Pin=X5-11
Added Pin To Net: NetName=VCC STAB Pin=X5-12
Added Pin To Net: NetName=MD Pin=X5-13
Added Pin To Net: NetName=APCSET Pin=X5-14
Added Pin To Net: NetName=MODSET Pin=X5-15
Added Pin To Net: NetName=MODBCOMP Pin=X5-16
Added Pin To Net: NetName=TH_TEMP Pin=X5-17
Added Pin To Net: NetName=GND Pin=X5-18
Added Pin To Net: NetName=GND Pin=X5-19
Added Pin To Net: NetName=GND Pin=X5-20
Added Pin To Net: NetName=GND Pin=X5-21
Added Pin To Net: NetName=GND Pin=X5-22
Added Pin To Net: NetName=GND Pin=X5-23
Added Pin To Net: NetName=GND Pin=X5-24
Added Member To Class: ClassName=MAX3738ETG+ MB Member=Component X3 AMPVOLT
Added Member To Class: ClassName=MAX3738ETG+ MB Member=Component X5 MAX3738ETG+ MEZ
