Added Component: Designator=LD1(SLD-1550-ANR)
Add component. Clean all parameters for all variants
Added Component: Designator=LD2(SLD-1550-ANR)
Add component. Clean all parameters for all variants
Added Component: Designator=P1(HDR1X4)
Add component. Clean all parameters for all variants
Add component (AddParameter): Name = "LatestRevisionDate"; Value = "17-Jul-2002"; VariantName = "[No Variations]"
Add component (AddParameter): Name = "LatestRevisionNote"; Value = "Re-released for DXP Platform."; VariantName = "[No Variations]"
Add component (AddParameter): Name = "Publisher"; Value = "Altium Limited"; VariantName = "[No Variations]"
Added Component: Designator=P2(HDR1X4)
Add component. Clean all parameters for all variants
Add component (AddParameter): Name = "LatestRevisionDate"; Value = "17-Jul-2002"; VariantName = "[No Variations]"
Add component (AddParameter): Name = "LatestRevisionNote"; Value = "Re-released for DXP Platform."; VariantName = "[No Variations]"
Add component (AddParameter): Name = "Publisher"; Value = "Altium Limited"; VariantName = "[No Variations]"
Added Component: Designator=P3(DS1069-2M)
Add component. Clean all parameters for all variants
Added Component: Designator=P4(DS1069-2M)
Add component. Clean all parameters for all variants
Added Component: Designator=X1(POWER)
Add component. Clean all parameters for all variants
Added Pin To Net: NetName=Channel 0 Pin=P1-4
Added Pin To Net: NetName=Channel 0 Pin=P2-4
Added Pin To Net: NetName=Channel 0 Pin=X1-1
Added Net: Name=Channel 0
Added Pin To Net: NetName=Channel 1 Pin=X1-2
Added Net: Name=Channel 1
Added Pin To Net: NetName=GND Pin=P1-3
Added Pin To Net: NetName=GND Pin=P2-3
Added Pin To Net: NetName=GND Pin=X1-4
Added Pin To Net: NetName=GND Pin=X1-5
Added Pin To Net: NetName=GND Pin=X1-6
Added Net: Name=GND
Added Pin To Net: NetName=LD1 Term1 Pin=P1-1
Added Pin To Net: NetName=LD1 Term1 Pin=P3-1
Added Net: Name=LD1 Term1
Added Pin To Net: NetName=LD1 Term2 Pin=P1-2
Added Pin To Net: NetName=LD1 Term2 Pin=P3-2
Added Net: Name=LD1 Term2
Added Pin To Net: NetName=LD2 Term1 Pin=P2-1
Added Pin To Net: NetName=LD2 Term1 Pin=P4-1
Added Net: Name=LD2 Term1
Added Pin To Net: NetName=LD2 Term2 Pin=P2-2
Added Pin To Net: NetName=LD2 Term2 Pin=P4-2
Added Net: Name=LD2 Term2
Added Class: Name=SLD-1550-ANR
Added Room: Name=SLD-1550-ANR
