Removed Pin From Net: NetName=LD1 Term1 Pin=P1-1
Removed Pin From Net: NetName=LD1 Term2 Pin=P1-3
Removed Pin From Net: NetName=Channel 0 Pin=P1-5
Removed Pin From Net: NetName=GND Pin=P1-7
Removed Member From Class: ClassName=SLD-1550-ANR Member=P1
Added Component: Designator=P?(HDR1X4)
Add component. Clean all parameters for all variants
Add component (AddParameter): Name = "LatestRevisionDate"; Value = "17-Jul-2002"; VariantName = "[No Variations]"
Add component (AddParameter): Name = "LatestRevisionNote"; Value = "Re-released for DXP Platform."; VariantName = "[No Variations]"
Add component (AddParameter): Name = "Publisher"; Value = "Altium Limited"; VariantName = "[No Variations]"
Added Component: Designator=P?(HDR1X4)
Add component. Clean all parameters for all variants
Add component (AddParameter): Name = "LatestRevisionDate"; Value = "17-Jul-2002"; VariantName = "[No Variations]"
Add component (AddParameter): Name = "LatestRevisionNote"; Value = "Re-released for DXP Platform."; VariantName = "[No Variations]"
Add component (AddParameter): Name = "Publisher"; Value = "Altium Limited"; VariantName = "[No Variations]"
Added Component: Designator=P?(DS1069-2M)
Add component. Clean all parameters for all variants
Added Pin To Net: NetName=LD1 Term1 Pin=P?-1
Added Pin To Net: NetName=LD1 Term2 Pin=P?-2
Added Pin To Net: NetName=Channel 0 Pin=P?-3
Added Pin To Net: NetName=GND Pin=P?-4
Added Pin To Net: NetName=GND Pin=P?-4
Added Pin To Net: NetName=Channel 1 Pin=P?-3
Added Pin To Net: NetName=Channel 1 Pin=X1-2
Added Net: Name=Channel 1
Added Pin To Net: NetName=LD2 Term1 Pin=P?-1
Added Pin To Net: NetName=LD2 Term1 Pin=P?-1
Added Net: Name=LD2 Term1
Added Pin To Net: NetName=LD2 Term2 Pin=P?-2
Added Pin To Net: NetName=LD2 Term2 Pin=P?-2
Added Net: Name=LD2 Term2
Added Member To Class: ClassName=SLD-1550-ANR Member=Component P? Header 4
Added Member To Class: ClassName=SLD-1550-ANR Member=Component P? Header 4
Added Member To Class: ClassName=SLD-1550-ANR Member=Component P? DS1069-2M
Added Room: Name=SLD-1550-ANR
