Removed Pin From Net: NetName=IN+ Pin=D1-3
Removed Pin From Net: NetName=IN- Pin=D1-4
Removed Pin From Net: NetName=GND Pin=D1-EP
Removed Pin From Net: NetName=PRBS+ Pin=P1-3
Removed Pin From Net: NetName=PRBS- Pin=P1-4
Added Component: Designator=C1(CAP_0603)
Add component. Clean all parameters for all variants
Added Component: Designator=C2(CAP_0603)
Add component. Clean all parameters for all variants
Added Component: Designator=R1(RES_0805)
Add component. Clean all parameters for all variants
Added Pin To Net: NetName=IN+ Pin=C1-1
Added Pin To Net: NetName=PRBS+ Pin=C1-2
Added Pin To Net: NetName=IN- Pin=C2-1
Added Pin To Net: NetName=PRBS- Pin=C2-2
Added Pin To Net: NetName=PRBS+ Pin=D1-3
Added Pin To Net: NetName=PRBS- Pin=D1-4
Added Pin To Net: NetName=IN+ Pin=P1-3
Added Pin To Net: NetName=IN- Pin=P1-4
Added Pin To Net: NetName=PRBS- Pin=R1-1
Added Pin To Net: NetName=PRBS+ Pin=R1-2
Change Net Name : Old Net Name=IN+ New Net Name=PRBS_P
Change Net Name : Old Net Name=IN- New Net Name=PRBS_N
Change Net Name : Old Net Name=PRBS+ New Net Name=IN_P
Change Net Name : Old Net Name=PRBS- New Net Name=IN_N
Added Differential Pair: Name=IN
Added Differential Pair: Name=PRBS
Added Member To Class: ClassName=MAX3738ETG+ MEZ Member=Component C1 0,1 uF_0603
Added Member To Class: ClassName=MAX3738ETG+ MEZ Member=Component C2 0,1 uF_0603
Added Member To Class: ClassName=MAX3738ETG+ MEZ Member=Component R1 100 Om_0805
