Removed Pin From Net: NetName=GND Pin=D1-EP
Added Component: Designator=C1(CAP_0603)
Add component. Clean all parameters for all variants
Added Component: Designator=C2(CAP_0603)
Add component. Clean all parameters for all variants
Added Component: Designator=R1(RES_0805)
Add component. Clean all parameters for all variants
Added Pin To Net: NetName=IN_N Pin=C2-2
Added Pin To Net: NetName=IN_N Pin=D1-4
Added Pin To Net: NetName=IN_N Pin=R1-1
Added Net: Name=IN_N
Added Pin To Net: NetName=IN_P Pin=C1-2
Added Pin To Net: NetName=IN_P Pin=D1-3
Added Pin To Net: NetName=IN_P Pin=R1-2
Added Net: Name=IN_P
Added Pin To Net: NetName=PRBS_N Pin=C2-1
Added Pin To Net: NetName=PRBS_N Pin=P1-4
Added Net: Name=PRBS_N
Added Pin To Net: NetName=PRBS_P Pin=C1-1
Added Pin To Net: NetName=PRBS_P Pin=P1-3
Added Net: Name=PRBS_P
Added Differential Pair: Name=IN
Added Differential Pair: Name=PRBS
Added Member To Class: ClassName=MAX3738ETG+ MEZ Member=Component C1 0,1 uF_0603
Added Member To Class: ClassName=MAX3738ETG+ MEZ Member=Component C2 0,1 uF_0603
Added Member To Class: ClassName=MAX3738ETG+ MEZ Member=Component R1 100 Om_0805
